[2014-12-14 20:54:10] request.ERROR: Symfony\Component\HttpKernel\Exception\NotFoundHttpException: No route found for "GET /bundles/acmebooker/css/booker.css" (uncaught exception) at D:\OpenServer\domains\localhost\vendor\symfony\symfony\src\Symfony\Component\HttpKernel\EventListener\RouterListener.php line 92 [] []
[2014-12-14 20:55:59] request.ERROR: Symfony\Component\HttpKernel\Exception\NotFoundHttpException: No route found for "GET /bundles/acmebooker/images/blue-arrow.png" (uncaught exception) at D:\OpenServer\domains\localhost\vendor\symfony\symfony\src\Symfony\Component\HttpKernel\EventListener\RouterListener.php line 92 [] []
[2014-12-14 21:00:20] request.ERROR: Symfony\Component\HttpKernel\Exception\NotFoundHttpException: No route found for "GET /bundles/acmebooker/images/blue-arrow.png" (uncaught exception) at D:\OpenServer\domains\localhost\app\cache\prod\classes.php line 5121 [] []
[2014-12-14 21:00:39] request.ERROR: Symfony\Component\HttpKernel\Exception\NotFoundHttpException: No route found for "GET /bundles/acmebooker/images/blue-arrow.png" (uncaught exception) at D:\OpenServer\domains\localhost\app\cache\prod\classes.php line 5121 [] []
[2014-12-14 21:00:56] request.ERROR: Symfony\Component\HttpKernel\Exception\NotFoundHttpException: No route found for "GET /bundles/acmebooker/images/blue-arrow.png" (uncaught exception) at D:\OpenServer\domains\localhost\app\cache\prod\classes.php line 5121 [] []
[2014-12-14 21:01:17] request.ERROR: Symfony\Component\HttpKernel\Exception\NotFoundHttpException: No route found for "GET /bundles/acmebooker/images/blue-arrow.png" (uncaught exception) at D:\OpenServer\domains\localhost\app\cache\prod\classes.php line 5121 [] []
[2014-12-14 21:04:44] request.ERROR: Symfony\Component\HttpKernel\Exception\NotFoundHttpException: No route found for "GET /bundles/acmebooker/images/blue-arrow.png" (uncaught exception) at D:\OpenServer\domains\localhost\app\cache\prod\classes.php line 5121 [] []
[2014-12-14 21:05:07] request.ERROR: Symfony\Component\HttpKernel\Exception\NotFoundHttpException: No route found for "GET /bundles/acmebooker/images/blue-arrow.png" (uncaught exception) at D:\OpenServer\domains\localhost\app\cache\prod\classes.php line 5121 [] []
[2014-12-14 21:05:24] request.ERROR: Symfony\Component\HttpKernel\Exception\NotFoundHttpException: No route found for "GET /bundles/acmebooker/images/blue-arrow.png" (uncaught exception) at D:\OpenServer\domains\localhost\app\cache\prod\classes.php line 5121 [] []
[2014-12-14 21:06:51] request.ERROR: Symfony\Component\HttpKernel\Exception\NotFoundHttpException: No route found for "GET /bundles/acmebooker/images/field-background.gif" (uncaught exception) at D:\OpenServer\domains\localhost\app\cache\prod\classes.php line 5121 [] []
[2014-12-14 21:08:28] request.ERROR: Symfony\Component\HttpKernel\Exception\NotFoundHttpException: No route found for "GET /bundles/acmebooker/images/field-background.gif" (uncaught exception) at D:\OpenServer\domains\localhost\app\cache\prod\classes.php line 5121 [] []
[2014-12-14 21:08:28] request.ERROR: Symfony\Component\HttpKernel\Exception\NotFoundHttpException: No route found for "GET /bundles/acmebooker/images/blue-arrow.png" (uncaught exception) at D:\OpenServer\domains\localhost\app\cache\prod\classes.php line 5121 [] []
[2014-12-14 21:13:31] request.ERROR: Symfony\Component\HttpKernel\Exception\NotFoundHttpException: No route found for "GET /bundles/acmebooker/images/field-background.gif" (uncaught exception) at D:\OpenServer\domains\localhost\app\cache\prod\classes.php line 5121 [] []
[2014-12-14 21:13:54] request.ERROR: Symfony\Component\HttpKernel\Exception\NotFoundHttpException: No route found for "GET /bundles/acmebooker/images/field-background.gif" (uncaught exception) at D:\OpenServer\domains\localhost\app\cache\prod\classes.php line 5121 [] []
[2014-12-14 21:16:44] request.ERROR: Symfony\Component\HttpKernel\Exception\NotFoundHttpException: No route found for "GET /bundles/acmebooker/images/field-background.gif" (uncaught exception) at D:\OpenServer\domains\localhost\app\cache\prod\classes.php line 5121 [] []
[2014-12-14 21:16:51] request.ERROR: Symfony\Component\HttpKernel\Exception\NotFoundHttpException: No route found for "GET /bundles/acmebooker/images/field-background.gif" (uncaught exception) at D:\OpenServer\domains\localhost\app\cache\prod\classes.php line 5121 [] []
[2014-12-14 21:17:41] request.ERROR: Symfony\Component\HttpKernel\Exception\NotFoundHttpException: No route found for "GET /bundles/acmebooker/images/field-background.gif" (uncaught exception) at D:\OpenServer\domains\localhost\app\cache\prod\classes.php line 5121 [] []
[2014-12-14 21:18:00] request.ERROR: Symfony\Component\HttpKernel\Exception\NotFoundHttpException: No route found for "GET /bundles/acmebooker/images/field-background.gif" (uncaught exception) at D:\OpenServer\domains\localhost\app\cache\prod\classes.php line 5121 [] []
[2014-12-14 21:18:13] request.ERROR: Symfony\Component\HttpKernel\Exception\NotFoundHttpException: No route found for "GET /bundles/acmebooker/images/field-background.gif" (uncaught exception) at D:\OpenServer\domains\localhost\app\cache\prod\classes.php line 5121 [] []
[2014-12-14 21:45:23] request.ERROR: Symfony\Component\HttpKernel\Exception\NotFoundHttpException: No route found for "GET /bundles/acmebooker/images/field-background.gif" (uncaught exception) at D:\OpenServer\domains\localhost\app\cache\prod\classes.php line 5121 [] []
[2014-12-14 21:46:14] request.ERROR: Symfony\Component\HttpKernel\Exception\NotFoundHttpException: No route found for "GET /bundles/acmebooker/images/field-background.gif" (uncaught exception) at D:\OpenServer\domains\localhost\app\cache\prod\classes.php line 5121 [] []
[2014-12-14 21:47:17] request.ERROR: Symfony\Component\HttpKernel\Exception\NotFoundHttpException: No route found for "GET /bundles/acmebooker/images/field-background.gif" (uncaught exception) at D:\OpenServer\domains\localhost\app\cache\prod\classes.php line 5121 [] []
[2014-12-14 21:48:21] request.ERROR: Symfony\Component\HttpKernel\Exception\NotFoundHttpException: No route found for "GET /bundles/acmebooker/images/field-background.gif" (uncaught exception) at D:\OpenServer\domains\localhost\app\cache\prod\classes.php line 5121 [] []
[2014-12-14 21:49:27] request.ERROR: Symfony\Component\HttpKernel\Exception\NotFoundHttpException: No route found for "GET /bundles/acmebooker/images/field-background.gif" (uncaught exception) at D:\OpenServer\domains\localhost\app\cache\prod\classes.php line 5121 [] []
[2014-12-14 21:58:30] request.ERROR: Symfony\Component\HttpKernel\Exception\NotFoundHttpException: No route found for "GET /bundles/acmebooker/images/field-background.gif" (uncaught exception) at D:\OpenServer\domains\localhost\app\cache\prod\classes.php line 5121 [] []
[2014-12-14 21:58:55] request.ERROR: Symfony\Component\HttpKernel\Exception\NotFoundHttpException: No route found for "GET /bundles/acmebooker/images/field-background.gif" (uncaught exception) at D:\OpenServer\domains\localhost\app\cache\prod\classes.php line 5121 [] []
[2014-12-14 23:12:11] request.ERROR: Symfony\Component\HttpKernel\Exception\NotFoundHttpException: No route found for "GET /bundles/acmebooker/images/field-background.gif" (uncaught exception) at D:\OpenServer\domains\localhost\app\cache\prod\classes.php line 5121 [] []
[2014-12-14 23:21:00] request.ERROR: Symfony\Component\HttpKernel\Exception\NotFoundHttpException: No route found for "GET /bundles/acmebooker/images/field-background.gif" (uncaught exception) at D:\OpenServer\domains\localhost\app\cache\prod\classes.php line 5121 [] []
[2014-12-14 23:22:14] request.ERROR: Symfony\Component\HttpKernel\Exception\NotFoundHttpException: No route found for "GET /bundles/acmebooker/images/field-background.gif" (uncaught exception) at D:\OpenServer\domains\localhost\app\cache\prod\classes.php line 5121 [] []
[2014-12-14 23:48:06] request.ERROR: Symfony\Component\HttpKernel\Exception\NotFoundHttpException: No route found for "GET /bundles/acmebooker/images/field-background.gif" (uncaught exception) at D:\OpenServer\domains\localhost\app\cache\prod\classes.php line 5121 [] []
[2014-12-15 00:39:00] request.ERROR: Symfony\Component\HttpKernel\Exception\NotFoundHttpException: No route found for "GET /bundles/acmebooker/images/field-background.gif" (uncaught exception) at D:\OpenServer\domains\localhost\app\cache\prod\classes.php line 5121 [] []
[2014-12-15 00:59:17] request.ERROR: Symfony\Component\HttpKernel\Exception\NotFoundHttpException: No route found for "GET /bundles/acmebooker/images/field-background.gif" (uncaught exception) at D:\OpenServer\domains\localhost\app\cache\prod\classes.php line 5121 [] []
[2014-12-15 01:34:49] request.ERROR: Symfony\Component\HttpKernel\Exception\NotFoundHttpException: No route found for "GET /bundles/acmebooker/images/field-background.gif" (uncaught exception) at D:\OpenServer\domains\localhost\app\cache\prod\classes.php line 5121 [] []
[2014-12-18 04:25:35] request.ERROR: Symfony\Component\HttpKernel\Exception\NotFoundHttpException: No route found for "GET /booker/" (uncaught exception) at D:\OpenServer\domains\localhost\vendor\symfony\symfony\src\Symfony\Component\HttpKernel\EventListener\RouterListener.php line 92 [] []
